{"/Users/asya/Documents/yandex/react-burger/src/api/auth.ts": {"path":"/Users/asya/Documents/yandex/react-burger/src/api/auth.ts","statementMap":{"0":{"start":{"line":13,"column":0},"end":{"line":13,"column":44}},"1":{"start":{"line":14,"column":0},"end":{"line":14,"column":36}},"2":{"start":{"line":16,"column":24},"end":{"line":24,"column":1}},"3":{"start":{"line":17,"column":2},"end":{"line":23,"column":5}},"4":{"start":{"line":16,"column":13},"end":{"line":16,"column":24}},"5":{"start":{"line":26,"column":21},"end":{"line":34,"column":1}},"6":{"start":{"line":27,"column":2},"end":{"line":33,"column":5}},"7":{"start":{"line":26,"column":13},"end":{"line":26,"column":21}},"8":{"start":{"line":36,"column":22},"end":{"line":44,"column":1}},"9":{"start":{"line":37,"column":2},"end":{"line":43,"column":5}},"10":{"start":{"line":36,"column":13},"end":{"line":36,"column":22}},"11":{"start":{"line":46,"column":28},"end":{"line":54,"column":1}},"12":{"start":{"line":47,"column":2},"end":{"line":53,"column":5}},"13":{"start":{"line":46,"column":13},"end":{"line":46,"column":28}},"14":{"start":{"line":56,"column":30},"end":{"line":64,"column":1}},"15":{"start":{"line":57,"column":2},"end":{"line":63,"column":5}},"16":{"start":{"line":56,"column":13},"end":{"line":56,"column":30}},"17":{"start":{"line":66,"column":29},"end":{"line":74,"column":1}},"18":{"start":{"line":67,"column":2},"end":{"line":73,"column":5}},"19":{"start":{"line":66,"column":13},"end":{"line":66,"column":29}},"20":{"start":{"line":76,"column":23},"end":{"line":84,"column":1}},"21":{"start":{"line":77,"column":2},"end":{"line":83,"column":5}},"22":{"start":{"line":76,"column":13},"end":{"line":76,"column":23}},"23":{"start":{"line":86,"column":26},"end":{"line":95,"column":1}},"24":{"start":{"line":87,"column":2},"end":{"line":94,"column":5}},"25":{"start":{"line":86,"column":13},"end":{"line":86,"column":26}}},"fnMap":{"0":{"name":"(anonymous_0)","decl":{"start":{"line":16,"column":24},"end":{"line":16,"column":29}},"loc":{"start":{"line":16,"column":106},"end":{"line":24,"column":1}}},"1":{"name":"(anonymous_1)","decl":{"start":{"line":26,"column":21},"end":{"line":26,"column":26}},"loc":{"start":{"line":26,"column":91},"end":{"line":34,"column":1}}},"2":{"name":"(anonymous_2)","decl":{"start":{"line":36,"column":22},"end":{"line":36,"column":27}},"loc":{"start":{"line":36,"column":84},"end":{"line":44,"column":1}}},"3":{"name":"(anonymous_3)","decl":{"start":{"line":46,"column":28},"end":{"line":46,"column":33}},"loc":{"start":{"line":46,"column":102},"end":{"line":54,"column":1}}},"4":{"name":"(anonymous_4)","decl":{"start":{"line":56,"column":30},"end":{"line":56,"column":35}},"loc":{"start":{"line":56,"column":87},"end":{"line":64,"column":1}}},"5":{"name":"(anonymous_5)","decl":{"start":{"line":66,"column":29},"end":{"line":66,"column":34}},"loc":{"start":{"line":66,"column":104},"end":{"line":74,"column":1}}},"6":{"name":"(anonymous_6)","decl":{"start":{"line":76,"column":23},"end":{"line":76,"column":28}},"loc":{"start":{"line":76,"column":58},"end":{"line":84,"column":1}}},"7":{"name":"(anonymous_7)","decl":{"start":{"line":86,"column":26},"end":{"line":86,"column":31}},"loc":{"start":{"line":86,"column":106},"end":{"line":95,"column":1}}}},"branchMap":{"0":{"loc":{"start":{"line":81,"column":21},"end":{"line":81,"column":62}},"type":"binary-expr","locations":[{"start":{"line":81,"column":21},"end":{"line":81,"column":56}},{"start":{"line":81,"column":60},"end":{"line":81,"column":62}}]},"1":{"loc":{"start":{"line":91,"column":21},"end":{"line":91,"column":62}},"type":"binary-expr","locations":[{"start":{"line":91,"column":21},"end":{"line":91,"column":56}},{"start":{"line":91,"column":60},"end":{"line":91,"column":62}}]}},"s":{"0":1,"1":1,"2":1,"3":0,"4":1,"5":1,"6":0,"7":1,"8":1,"9":0,"10":1,"11":1,"12":0,"13":1,"14":1,"15":0,"16":1,"17":1,"18":0,"19":1,"20":1,"21":0,"22":1,"23":1,"24":0,"25":1},"f":{"0":0,"1":0,"2":0,"3":0,"4":0,"5":0,"6":0,"7":0},"b":{"0":[0,0],"1":[0,0]}}
,"/Users/asya/Documents/yandex/react-burger/src/api/endpoints.ts": {"path":"/Users/asya/Documents/yandex/react-burger/src/api/endpoints.ts","statementMap":{"0":{"start":{"line":1,"column":13},"end":{"line":1,"column":66}},"1":{"start":{"line":3,"column":13},"end":{"line":17,"column":2}}},"fnMap":{},"branchMap":{},"s":{"0":3,"1":3},"f":{},"b":{}}
,"/Users/asya/Documents/yandex/react-burger/src/api/ingredients.ts": {"path":"/Users/asya/Documents/yandex/react-burger/src/api/ingredients.ts","statementMap":{"0":{"start":{"line":1,"column":0},"end":{"line":1,"column":44}},"1":{"start":{"line":3,"column":0},"end":{"line":3,"column":36}},"2":{"start":{"line":10,"column":30},"end":{"line":12,"column":1}},"3":{"start":{"line":11,"column":2},"end":{"line":11,"column":66}},"4":{"start":{"line":10,"column":13},"end":{"line":10,"column":30}}},"fnMap":{"0":{"name":"(anonymous_0)","decl":{"start":{"line":10,"column":30},"end":{"line":10,"column":35}},"loc":{"start":{"line":10,"column":72},"end":{"line":12,"column":1}}}},"branchMap":{},"s":{"0":1,"1":1,"2":1,"3":0,"4":1},"f":{"0":0},"b":{}}
,"/Users/asya/Documents/yandex/react-burger/src/api/order.ts": {"path":"/Users/asya/Documents/yandex/react-burger/src/api/order.ts","statementMap":{"0":{"start":{"line":1,"column":0},"end":{"line":1,"column":44}},"1":{"start":{"line":3,"column":0},"end":{"line":3,"column":36}},"2":{"start":{"line":16,"column":25},"end":{"line":29,"column":1}},"3":{"start":{"line":17,"column":24},"end":{"line":17,"column":74}},"4":{"start":{"line":17,"column":59},"end":{"line":17,"column":73}},"5":{"start":{"line":19,"column":2},"end":{"line":28,"column":5}},"6":{"start":{"line":16,"column":13},"end":{"line":16,"column":25}},"7":{"start":{"line":31,"column":30},"end":{"line":39,"column":1}},"8":{"start":{"line":32,"column":2},"end":{"line":38,"column":5}},"9":{"start":{"line":31,"column":13},"end":{"line":31,"column":30}}},"fnMap":{"0":{"name":"(anonymous_0)","decl":{"start":{"line":16,"column":25},"end":{"line":16,"column":30}},"loc":{"start":{"line":16,"column":92},"end":{"line":29,"column":1}}},"1":{"name":"(anonymous_1)","decl":{"start":{"line":17,"column":45},"end":{"line":17,"column":55}},"loc":{"start":{"line":17,"column":59},"end":{"line":17,"column":73}}},"2":{"name":"(anonymous_2)","decl":{"start":{"line":31,"column":30},"end":{"line":31,"column":35}},"loc":{"start":{"line":31,"column":88},"end":{"line":39,"column":1}}}},"branchMap":{"0":{"loc":{"start":{"line":23,"column":21},"end":{"line":23,"column":62}},"type":"binary-expr","locations":[{"start":{"line":23,"column":21},"end":{"line":23,"column":56}},{"start":{"line":23,"column":60},"end":{"line":23,"column":62}}]},"1":{"loc":{"start":{"line":36,"column":21},"end":{"line":36,"column":62}},"type":"binary-expr","locations":[{"start":{"line":36,"column":21},"end":{"line":36,"column":56}},{"start":{"line":36,"column":60},"end":{"line":36,"column":62}}]}},"s":{"0":1,"1":1,"2":1,"3":0,"4":0,"5":0,"6":1,"7":1,"8":0,"9":1},"f":{"0":0,"1":0,"2":0},"b":{"0":[0,0],"1":[0,0]}}
,"/Users/asya/Documents/yandex/react-burger/src/api/request.ts": {"path":"/Users/asya/Documents/yandex/react-burger/src/api/request.ts","statementMap":{"0":{"start":{"line":1,"column":0},"end":{"line":1,"column":44}},"1":{"start":{"line":19,"column":2},"end":{"line":19,"column":27}},"2":{"start":{"line":22,"column":22},"end":{"line":25,"column":1}},"3":{"start":{"line":23,"column":15},"end":{"line":23,"column":31}},"4":{"start":{"line":24,"column":2},"end":{"line":24,"column":89}},"5":{"start":{"line":27,"column":28},"end":{"line":52,"column":1}},"6":{"start":{"line":28,"column":23},"end":{"line":28,"column":59}},"7":{"start":{"line":30,"column":2},"end":{"line":32,"column":3}},"8":{"start":{"line":31,"column":4},"end":{"line":31,"column":69}},"9":{"start":{"line":34,"column":19},"end":{"line":40,"column":4}},"10":{"start":{"line":42,"column":22},"end":{"line":42,"column":74}},"11":{"start":{"line":44,"column":2},"end":{"line":46,"column":3}},"12":{"start":{"line":45,"column":4},"end":{"line":45,"column":39}},"13":{"start":{"line":48,"column":2},"end":{"line":48,"column":70}},"14":{"start":{"line":49,"column":2},"end":{"line":49,"column":68}},"15":{"start":{"line":51,"column":2},"end":{"line":51,"column":26}},"16":{"start":{"line":27,"column":13},"end":{"line":27,"column":28}},"17":{"start":{"line":54,"column":32},"end":{"line":91,"column":1}},"18":{"start":{"line":55,"column":2},"end":{"line":90,"column":3}},"19":{"start":{"line":56,"column":21},"end":{"line":56,"column":46}},"20":{"start":{"line":57,"column":17},"end":{"line":57,"column":49}},"21":{"start":{"line":59,"column":4},"end":{"line":61,"column":5}},"22":{"start":{"line":60,"column":6},"end":{"line":60,"column":34}},"23":{"start":{"line":63,"column":4},"end":{"line":63,"column":21}},"24":{"start":{"line":65,"column":16},"end":{"line":65,"column":39}},"25":{"start":{"line":67,"column":4},"end":{"line":87,"column":5}},"26":{"start":{"line":68,"column":6},"end":{"line":86,"column":7}},"27":{"start":{"line":69,"column":28},"end":{"line":69,"column":48}},"28":{"start":{"line":71,"column":8},"end":{"line":74,"column":10}},"29":{"start":{"line":76,"column":25},"end":{"line":76,"column":50}},"30":{"start":{"line":77,"column":21},"end":{"line":77,"column":53}},"31":{"start":{"line":79,"column":8},"end":{"line":81,"column":9}},"32":{"start":{"line":80,"column":10},"end":{"line":80,"column":38}},"33":{"start":{"line":83,"column":8},"end":{"line":83,"column":25}},"34":{"start":{"line":85,"column":8},"end":{"line":85,"column":44}},"35":{"start":{"line":89,"column":4},"end":{"line":89,"column":33}},"36":{"start":{"line":54,"column":13},"end":{"line":54,"column":32}},"37":{"start":{"line":93,"column":23},"end":{"line":100,"column":1}},"38":{"start":{"line":94,"column":2},"end":{"line":99,"column":7}},"39":{"start":{"line":95,"column":22},"end":{"line":95,"column":30}},"40":{"start":{"line":97,"column":6},"end":{"line":97,"column":45}},"41":{"start":{"line":98,"column":6},"end":{"line":98,"column":35}},"42":{"start":{"line":93,"column":13},"end":{"line":93,"column":23}}},"fnMap":{"0":{"name":"isErrorResponse","decl":{"start":{"line":18,"column":9},"end":{"line":18,"column":24}},"loc":{"start":{"line":18,"column":34},"end":{"line":20,"column":1}}},"1":{"name":"(anonymous_1)","decl":{"start":{"line":22,"column":22},"end":{"line":22,"column":27}},"loc":{"start":{"line":22,"column":89},"end":{"line":25,"column":1}}},"2":{"name":"(anonymous_2)","decl":{"start":{"line":27,"column":28},"end":{"line":27,"column":33}},"loc":{"start":{"line":27,"column":71},"end":{"line":52,"column":1}}},"3":{"name":"(anonymous_3)","decl":{"start":{"line":54,"column":32},"end":{"line":54,"column":37}},"loc":{"start":{"line":54,"column":96},"end":{"line":91,"column":1}}},"4":{"name":"(anonymous_4)","decl":{"start":{"line":93,"column":23},"end":{"line":93,"column":28}},"loc":{"start":{"line":93,"column":83},"end":{"line":100,"column":1}}},"5":{"name":"(anonymous_5)","decl":{"start":{"line":95,"column":10},"end":{"line":95,"column":18}},"loc":{"start":{"line":95,"column":22},"end":{"line":95,"column":30}}},"6":{"name":"(anonymous_6)","decl":{"start":{"line":96,"column":11},"end":{"line":96,"column":16}},"loc":{"start":{"line":96,"column":19},"end":{"line":99,"column":5}}}},"branchMap":{"0":{"loc":{"start":{"line":24,"column":9},"end":{"line":24,"column":88}},"type":"cond-expr","locations":[{"start":{"line":24,"column":18},"end":{"line":24,"column":41}},{"start":{"line":24,"column":44},"end":{"line":24,"column":88}}]},"1":{"loc":{"start":{"line":24,"column":55},"end":{"line":24,"column":86}},"type":"binary-expr","locations":[{"start":{"line":24,"column":55},"end":{"line":24,"column":67}},{"start":{"line":24,"column":71},"end":{"line":24,"column":86}}]},"2":{"loc":{"start":{"line":30,"column":2},"end":{"line":32,"column":3}},"type":"if","locations":[{"start":{"line":30,"column":2},"end":{"line":32,"column":3}}]},"3":{"loc":{"start":{"line":44,"column":2},"end":{"line":46,"column":3}},"type":"if","locations":[{"start":{"line":44,"column":2},"end":{"line":46,"column":3}}]},"4":{"loc":{"start":{"line":54,"column":55},"end":{"line":54,"column":80}},"type":"default-arg","locations":[{"start":{"line":54,"column":78},"end":{"line":54,"column":80}}]},"5":{"loc":{"start":{"line":59,"column":4},"end":{"line":61,"column":5}},"type":"if","locations":[{"start":{"line":59,"column":4},"end":{"line":61,"column":5}}]},"6":{"loc":{"start":{"line":67,"column":4},"end":{"line":87,"column":5}},"type":"if","locations":[{"start":{"line":67,"column":4},"end":{"line":87,"column":5}}]},"7":{"loc":{"start":{"line":79,"column":8},"end":{"line":81,"column":9}},"type":"if","locations":[{"start":{"line":79,"column":8},"end":{"line":81,"column":9}}]}},"s":{"0":3,"1":0,"2":3,"3":0,"4":0,"5":3,"6":0,"7":0,"8":0,"9":0,"10":0,"11":0,"12":0,"13":0,"14":0,"15":0,"16":3,"17":3,"18":0,"19":0,"20":0,"21":0,"22":0,"23":0,"24":0,"25":0,"26":0,"27":0,"28":0,"29":0,"30":0,"31":0,"32":0,"33":0,"34":0,"35":0,"36":3,"37":3,"38":0,"39":0,"40":0,"41":0,"42":3},"f":{"0":0,"1":0,"2":0,"3":0,"4":0,"5":0,"6":0},"b":{"0":[0,0],"1":[0,0],"2":[0],"3":[0],"4":[0],"5":[0],"6":[0],"7":[0]}}
,"/Users/asya/Documents/yandex/react-burger/src/services/auth-slice.ts": {"path":"/Users/asya/Documents/yandex/react-burger/src/services/auth-slice.ts","statementMap":{"0":{"start":{"line":1,"column":0},"end":{"line":1,"column":65}},"1":{"start":{"line":2,"column":0},"end":{"line":2,"column":null}},"2":{"start":{"line":12,"column":0},"end":{"line":12,"column":57}},"3":{"start":{"line":24,"column":13},"end":{"line":32,"column":2}},"4":{"start":{"line":34,"column":13},"end":{"line":39,"column":2}},"5":{"start":{"line":37,"column":4},"end":{"line":37,"column":103}},"6":{"start":{"line":37,"column":71},"end":{"line":37,"column":101}},"7":{"start":{"line":41,"column":13},"end":{"line":46,"column":2}},"8":{"start":{"line":44,"column":4},"end":{"line":44,"column":94}},"9":{"start":{"line":44,"column":62},"end":{"line":44,"column":92}},"10":{"start":{"line":48,"column":13},"end":{"line":53,"column":2}},"11":{"start":{"line":51,"column":4},"end":{"line":51,"column":85}},"12":{"start":{"line":51,"column":53},"end":{"line":51,"column":83}},"13":{"start":{"line":55,"column":13},"end":{"line":60,"column":2}},"14":{"start":{"line":58,"column":4},"end":{"line":58,"column":91}},"15":{"start":{"line":58,"column":59},"end":{"line":58,"column":89}},"16":{"start":{"line":62,"column":13},"end":{"line":67,"column":2}},"17":{"start":{"line":65,"column":4},"end":{"line":65,"column":89}},"18":{"start":{"line":65,"column":57},"end":{"line":65,"column":87}},"19":{"start":{"line":69,"column":13},"end":{"line":74,"column":2}},"20":{"start":{"line":72,"column":4},"end":{"line":72,"column":97}},"21":{"start":{"line":72,"column":65},"end":{"line":72,"column":95}},"22":{"start":{"line":76,"column":13},"end":{"line":82,"column":2}},"23":{"start":{"line":79,"column":21},"end":{"line":79,"column":43}},"24":{"start":{"line":80,"column":4},"end":{"line":80,"column":25}},"25":{"start":{"line":84,"column":13},"end":{"line":90,"column":2}},"26":{"start":{"line":87,"column":21},"end":{"line":87,"column":67}},"27":{"start":{"line":88,"column":4},"end":{"line":88,"column":25}},"28":{"start":{"line":92,"column":18},"end":{"line":188,"column":2}},"29":{"start":{"line":97,"column":6},"end":{"line":97,"column":25}},"30":{"start":{"line":100,"column":6},"end":{"line":100,"column":32}},"31":{"start":{"line":104,"column":4},"end":{"line":186,"column":9}},"32":{"start":{"line":106,"column":8},"end":{"line":106,"column":38}},"33":{"start":{"line":107,"column":8},"end":{"line":107,"column":27}},"34":{"start":{"line":110,"column":8},"end":{"line":110,"column":40}},"35":{"start":{"line":111,"column":8},"end":{"line":111,"column":41}},"36":{"start":{"line":112,"column":8},"end":{"line":112,"column":55}},"37":{"start":{"line":113,"column":8},"end":{"line":113,"column":57}},"38":{"start":{"line":114,"column":8},"end":{"line":114,"column":53}},"39":{"start":{"line":116,"column":8},"end":{"line":116,"column":72}},"40":{"start":{"line":117,"column":8},"end":{"line":117,"column":74}},"41":{"start":{"line":120,"column":8},"end":{"line":120,"column":37}},"42":{"start":{"line":121,"column":8},"end":{"line":121,"column":47}},"43":{"start":{"line":124,"column":8},"end":{"line":124,"column":38}},"44":{"start":{"line":125,"column":8},"end":{"line":125,"column":27}},"45":{"start":{"line":128,"column":8},"end":{"line":128,"column":40}},"46":{"start":{"line":129,"column":8},"end":{"line":129,"column":41}},"47":{"start":{"line":130,"column":8},"end":{"line":130,"column":55}},"48":{"start":{"line":131,"column":8},"end":{"line":131,"column":57}},"49":{"start":{"line":132,"column":8},"end":{"line":132,"column":53}},"50":{"start":{"line":134,"column":8},"end":{"line":134,"column":72}},"51":{"start":{"line":135,"column":8},"end":{"line":135,"column":74}},"52":{"start":{"line":138,"column":8},"end":{"line":138,"column":37}},"53":{"start":{"line":139,"column":8},"end":{"line":139,"column":47}},"54":{"start":{"line":142,"column":8},"end":{"line":142,"column":38}},"55":{"start":{"line":143,"column":8},"end":{"line":143,"column":27}},"56":{"start":{"line":146,"column":8},"end":{"line":146,"column":40}},"57":{"start":{"line":147,"column":8},"end":{"line":147,"column":26}},"58":{"start":{"line":148,"column":8},"end":{"line":148,"column":33}},"59":{"start":{"line":149,"column":8},"end":{"line":149,"column":34}},"60":{"start":{"line":150,"column":8},"end":{"line":150,"column":59}},"61":{"start":{"line":152,"column":8},"end":{"line":152,"column":47}},"62":{"start":{"line":153,"column":8},"end":{"line":153,"column":48}},"63":{"start":{"line":156,"column":8},"end":{"line":156,"column":37}},"64":{"start":{"line":157,"column":8},"end":{"line":157,"column":47}},"65":{"start":{"line":158,"column":8},"end":{"line":158,"column":36}},"66":{"start":{"line":161,"column":8},"end":{"line":161,"column":38}},"67":{"start":{"line":162,"column":8},"end":{"line":162,"column":27}},"68":{"start":{"line":165,"column":8},"end":{"line":165,"column":40}},"69":{"start":{"line":166,"column":8},"end":{"line":166,"column":55}},"70":{"start":{"line":167,"column":8},"end":{"line":167,"column":57}},"71":{"start":{"line":169,"column":8},"end":{"line":169,"column":72}},"72":{"start":{"line":170,"column":8},"end":{"line":170,"column":74}},"73":{"start":{"line":173,"column":8},"end":{"line":173,"column":37}},"74":{"start":{"line":174,"column":8},"end":{"line":174,"column":47}},"75":{"start":{"line":177,"column":8},"end":{"line":177,"column":36}},"76":{"start":{"line":178,"column":8},"end":{"line":178,"column":35}},"77":{"start":{"line":181,"column":8},"end":{"line":181,"column":35}},"78":{"start":{"line":184,"column":8},"end":{"line":184,"column":36}},"79":{"start":{"line":185,"column":8},"end":{"line":185,"column":58}},"80":{"start":{"line":190,"column":13},"end":{"line":190,"column":51}},"81":{"start":{"line":192,"column":0},"end":{"line":192,"column":33}},"82":{"start":{"line":194,"column":26},"end":{"line":194,"column":63}},"83":{"start":{"line":194,"column":48},"end":{"line":194,"column":63}},"84":{"start":{"line":194,"column":13},"end":{"line":194,"column":26}},"85":{"start":{"line":195,"column":35},"end":{"line":195,"column":81}},"86":{"start":{"line":195,"column":57},"end":{"line":195,"column":81}},"87":{"start":{"line":195,"column":13},"end":{"line":195,"column":35}}},"fnMap":{"0":{"name":"(anonymous_0)","decl":{"start":{"line":36,"column":2},"end":{"line":36,"column":7}},"loc":{"start":{"line":36,"column":110},"end":{"line":38,"column":3}}},"1":{"name":"(anonymous_1)","decl":{"start":{"line":37,"column":60},"end":{"line":37,"column":61}},"loc":{"start":{"line":37,"column":71},"end":{"line":37,"column":101}}},"2":{"name":"(anonymous_2)","decl":{"start":{"line":43,"column":2},"end":{"line":43,"column":7}},"loc":{"start":{"line":43,"column":90},"end":{"line":45,"column":3}}},"3":{"name":"(anonymous_3)","decl":{"start":{"line":44,"column":51},"end":{"line":44,"column":52}},"loc":{"start":{"line":44,"column":62},"end":{"line":44,"column":92}}},"4":{"name":"(anonymous_4)","decl":{"start":{"line":50,"column":2},"end":{"line":50,"column":7}},"loc":{"start":{"line":50,"column":47},"end":{"line":52,"column":3}}},"5":{"name":"(anonymous_5)","decl":{"start":{"line":51,"column":42},"end":{"line":51,"column":43}},"loc":{"start":{"line":51,"column":53},"end":{"line":51,"column":83}}},"6":{"name":"(anonymous_6)","decl":{"start":{"line":57,"column":2},"end":{"line":57,"column":7}},"loc":{"start":{"line":57,"column":47},"end":{"line":59,"column":3}}},"7":{"name":"(anonymous_7)","decl":{"start":{"line":58,"column":48},"end":{"line":58,"column":49}},"loc":{"start":{"line":58,"column":59},"end":{"line":58,"column":89}}},"8":{"name":"(anonymous_8)","decl":{"start":{"line":64,"column":2},"end":{"line":64,"column":7}},"loc":{"start":{"line":64,"column":47},"end":{"line":66,"column":3}}},"9":{"name":"(anonymous_9)","decl":{"start":{"line":65,"column":46},"end":{"line":65,"column":47}},"loc":{"start":{"line":65,"column":57},"end":{"line":65,"column":87}}},"10":{"name":"(anonymous_10)","decl":{"start":{"line":71,"column":2},"end":{"line":71,"column":7}},"loc":{"start":{"line":71,"column":88},"end":{"line":73,"column":3}}},"11":{"name":"(anonymous_11)","decl":{"start":{"line":72,"column":54},"end":{"line":72,"column":55}},"loc":{"start":{"line":72,"column":65},"end":{"line":72,"column":95}}},"12":{"name":"(anonymous_12)","decl":{"start":{"line":78,"column":2},"end":{"line":78,"column":7}},"loc":{"start":{"line":78,"column":13},"end":{"line":81,"column":3}}},"13":{"name":"(anonymous_13)","decl":{"start":{"line":86,"column":2},"end":{"line":86,"column":7}},"loc":{"start":{"line":86,"column":89},"end":{"line":89,"column":3}}},"14":{"name":"(anonymous_14)","decl":{"start":{"line":96,"column":4},"end":{"line":96,"column":14}},"loc":{"start":{"line":96,"column":20},"end":{"line":98,"column":5}}},"15":{"name":"(anonymous_15)","decl":{"start":{"line":99,"column":4},"end":{"line":99,"column":23}},"loc":{"start":{"line":99,"column":29},"end":{"line":101,"column":5}}},"16":{"name":"(anonymous_16)","decl":{"start":{"line":103,"column":17},"end":{"line":103,"column":18}},"loc":{"start":{"line":103,"column":29},"end":{"line":187,"column":3}}},"17":{"name":"(anonymous_17)","decl":{"start":{"line":105,"column":37},"end":{"line":105,"column":38}},"loc":{"start":{"line":105,"column":47},"end":{"line":108,"column":7}}},"18":{"name":"(anonymous_18)","decl":{"start":{"line":109,"column":39},"end":{"line":109,"column":40}},"loc":{"start":{"line":109,"column":57},"end":{"line":118,"column":7}}},"19":{"name":"(anonymous_19)","decl":{"start":{"line":119,"column":38},"end":{"line":119,"column":39}},"loc":{"start":{"line":119,"column":56},"end":{"line":122,"column":7}}},"20":{"name":"(anonymous_20)","decl":{"start":{"line":123,"column":34},"end":{"line":123,"column":35}},"loc":{"start":{"line":123,"column":44},"end":{"line":126,"column":7}}},"21":{"name":"(anonymous_21)","decl":{"start":{"line":127,"column":36},"end":{"line":127,"column":37}},"loc":{"start":{"line":127,"column":54},"end":{"line":136,"column":7}}},"22":{"name":"(anonymous_22)","decl":{"start":{"line":137,"column":35},"end":{"line":137,"column":36}},"loc":{"start":{"line":137,"column":53},"end":{"line":140,"column":7}}},"23":{"name":"(anonymous_23)","decl":{"start":{"line":141,"column":35},"end":{"line":141,"column":36}},"loc":{"start":{"line":141,"column":45},"end":{"line":144,"column":7}}},"24":{"name":"(anonymous_24)","decl":{"start":{"line":145,"column":37},"end":{"line":145,"column":38}},"loc":{"start":{"line":145,"column":47},"end":{"line":154,"column":7}}},"25":{"name":"(anonymous_25)","decl":{"start":{"line":155,"column":36},"end":{"line":155,"column":37}},"loc":{"start":{"line":155,"column":54},"end":{"line":159,"column":7}}},"26":{"name":"(anonymous_26)","decl":{"start":{"line":160,"column":37},"end":{"line":160,"column":38}},"loc":{"start":{"line":160,"column":47},"end":{"line":163,"column":7}}},"27":{"name":"(anonymous_27)","decl":{"start":{"line":164,"column":39},"end":{"line":164,"column":40}},"loc":{"start":{"line":164,"column":57},"end":{"line":171,"column":7}}},"28":{"name":"(anonymous_28)","decl":{"start":{"line":172,"column":38},"end":{"line":172,"column":39}},"loc":{"start":{"line":172,"column":56},"end":{"line":175,"column":7}}},"29":{"name":"(anonymous_29)","decl":{"start":{"line":176,"column":34},"end":{"line":176,"column":35}},"loc":{"start":{"line":176,"column":52},"end":{"line":179,"column":7}}},"30":{"name":"(anonymous_30)","decl":{"start":{"line":180,"column":33},"end":{"line":180,"column":34}},"loc":{"start":{"line":180,"column":43},"end":{"line":182,"column":7}}},"31":{"name":"(anonymous_31)","decl":{"start":{"line":183,"column":37},"end":{"line":183,"column":38}},"loc":{"start":{"line":183,"column":55},"end":{"line":186,"column":7}}},"32":{"name":"(anonymous_32)","decl":{"start":{"line":194,"column":26},"end":{"line":194,"column":27}},"loc":{"start":{"line":194,"column":48},"end":{"line":194,"column":63}}},"33":{"name":"(anonymous_33)","decl":{"start":{"line":195,"column":35},"end":{"line":195,"column":36}},"loc":{"start":{"line":195,"column":57},"end":{"line":195,"column":81}}}},"branchMap":{},"s":{"0":1,"1":1,"2":1,"3":1,"4":1,"5":0,"6":0,"7":1,"8":0,"9":0,"10":1,"11":0,"12":0,"13":1,"14":0,"15":0,"16":1,"17":0,"18":0,"19":1,"20":0,"21":0,"22":1,"23":0,"24":0,"25":1,"26":0,"27":0,"28":1,"29":1,"30":1,"31":1,"32":1,"33":1,"34":1,"35":1,"36":1,"37":1,"38":1,"39":1,"40":1,"41":1,"42":1,"43":1,"44":1,"45":1,"46":1,"47":1,"48":1,"49":1,"50":1,"51":1,"52":1,"53":1,"54":1,"55":1,"56":1,"57":1,"58":1,"59":1,"60":1,"61":1,"62":1,"63":1,"64":1,"65":1,"66":1,"67":1,"68":1,"69":1,"70":1,"71":1,"72":1,"73":1,"74":1,"75":1,"76":1,"77":1,"78":1,"79":1,"80":1,"81":1,"82":1,"83":0,"84":1,"85":1,"86":0,"87":1},"f":{"0":0,"1":0,"2":0,"3":0,"4":0,"5":0,"6":0,"7":0,"8":0,"9":0,"10":0,"11":0,"12":0,"13":0,"14":1,"15":1,"16":1,"17":1,"18":1,"19":1,"20":1,"21":1,"22":1,"23":1,"24":1,"25":1,"26":1,"27":1,"28":1,"29":1,"30":1,"31":1,"32":0,"33":0},"b":{}}
,"/Users/asya/Documents/yandex/react-burger/src/services/burger-constructor-slice.ts": {"path":"/Users/asya/Documents/yandex/react-burger/src/services/burger-constructor-slice.ts","statementMap":{"0":{"start":{"line":1,"column":0},"end":{"line":1,"column":86}},"1":{"start":{"line":12,"column":13},"end":{"line":15,"column":2}},"2":{"start":{"line":17,"column":31},"end":{"line":45,"column":2}},"3":{"start":{"line":22,"column":6},"end":{"line":22,"column":23}},"4":{"start":{"line":23,"column":6},"end":{"line":23,"column":29}},"5":{"start":{"line":26,"column":6},"end":{"line":26,"column":33}},"6":{"start":{"line":30,"column":8},"end":{"line":30,"column":47}},"7":{"start":{"line":33,"column":8},"end":{"line":33,"column":61}},"8":{"start":{"line":37,"column":6},"end":{"line":37,"column":103}},"9":{"start":{"line":37,"column":68},"end":{"line":37,"column":101}},"10":{"start":{"line":40,"column":37},"end":{"line":40,"column":51}},"11":{"start":{"line":41,"column":26},"end":{"line":41,"column":64}},"12":{"start":{"line":42,"column":6},"end":{"line":42,"column":54}},"13":{"start":{"line":47,"column":13},"end":{"line":47,"column":104}},"14":{"start":{"line":49,"column":0},"end":{"line":49,"column":46}},"15":{"start":{"line":51,"column":25},"end":{"line":51,"column":74}},"16":{"start":{"line":51,"column":47},"end":{"line":51,"column":74}},"17":{"start":{"line":51,"column":13},"end":{"line":51,"column":25}},"18":{"start":{"line":52,"column":33},"end":{"line":52,"column":90}},"19":{"start":{"line":52,"column":55},"end":{"line":52,"column":90}},"20":{"start":{"line":52,"column":13},"end":{"line":52,"column":33}},"21":{"start":{"line":53,"column":13},"end":{"line":64,"column":2}},"22":{"start":{"line":54,"column":24},"end":{"line":54,"column":51}},"23":{"start":{"line":55,"column":24},"end":{"line":55,"column":59}},"24":{"start":{"line":56,"column":57},"end":{"line":56,"column":79}},"25":{"start":{"line":58,"column":4},"end":{"line":62,"column":5}},"26":{"start":{"line":59,"column":6},"end":{"line":59,"column":53}},"27":{"start":{"line":61,"column":6},"end":{"line":61,"column":74}},"28":{"start":{"line":61,"column":40},"end":{"line":61,"column":65}},"29":{"start":{"line":65,"column":13},"end":{"line":74,"column":null}},"30":{"start":{"line":66,"column":24},"end":{"line":66,"column":51}},"31":{"start":{"line":67,"column":24},"end":{"line":67,"column":59}},"32":{"start":{"line":69,"column":21},"end":{"line":69,"column":44}},"33":{"start":{"line":70,"column":29},"end":{"line":70,"column":99}},"34":{"start":{"line":70,"column":71},"end":{"line":70,"column":95}},"35":{"start":{"line":72,"column":4},"end":{"line":72,"column":39}}},"fnMap":{"0":{"name":"(anonymous_0)","decl":{"start":{"line":21,"column":33},"end":{"line":21,"column":38}},"loc":{"start":{"line":21,"column":41},"end":{"line":24,"column":5}}},"1":{"name":"(anonymous_1)","decl":{"start":{"line":25,"column":12},"end":{"line":25,"column":13}},"loc":{"start":{"line":25,"column":58},"end":{"line":27,"column":5}}},"2":{"name":"(anonymous_2)","decl":{"start":{"line":29,"column":15},"end":{"line":29,"column":16}},"loc":{"start":{"line":29,"column":72},"end":{"line":31,"column":7}}},"3":{"name":"(anonymous_3)","decl":{"start":{"line":32,"column":15},"end":{"line":32,"column":16}},"loc":{"start":{"line":32,"column":43},"end":{"line":34,"column":7}}},"4":{"name":"(anonymous_4)","decl":{"start":{"line":36,"column":22},"end":{"line":36,"column":23}},"loc":{"start":{"line":36,"column":63},"end":{"line":38,"column":5}}},"5":{"name":"(anonymous_5)","decl":{"start":{"line":37,"column":52},"end":{"line":37,"column":53}},"loc":{"start":{"line":37,"column":68},"end":{"line":37,"column":101}}},"6":{"name":"(anonymous_6)","decl":{"start":{"line":39,"column":20},"end":{"line":39,"column":21}},"loc":{"start":{"line":39,"column":93},"end":{"line":43,"column":5}}},"7":{"name":"(anonymous_7)","decl":{"start":{"line":51,"column":25},"end":{"line":51,"column":26}},"loc":{"start":{"line":51,"column":47},"end":{"line":51,"column":74}}},"8":{"name":"(anonymous_8)","decl":{"start":{"line":52,"column":33},"end":{"line":52,"column":34}},"loc":{"start":{"line":52,"column":55},"end":{"line":52,"column":90}}},"9":{"name":"(anonymous_9)","decl":{"start":{"line":54,"column":2},"end":{"line":54,"column":3}},"loc":{"start":{"line":54,"column":24},"end":{"line":54,"column":51}}},"10":{"name":"(anonymous_10)","decl":{"start":{"line":55,"column":2},"end":{"line":55,"column":3}},"loc":{"start":{"line":55,"column":24},"end":{"line":55,"column":59}}},"11":{"name":"(anonymous_11)","decl":{"start":{"line":56,"column":2},"end":{"line":56,"column":3}},"loc":{"start":{"line":56,"column":57},"end":{"line":56,"column":79}}},"12":{"name":"(anonymous_12)","decl":{"start":{"line":57,"column":2},"end":{"line":57,"column":3}},"loc":{"start":{"line":57,"column":47},"end":{"line":63,"column":3}}},"13":{"name":"(anonymous_13)","decl":{"start":{"line":61,"column":32},"end":{"line":61,"column":36}},"loc":{"start":{"line":61,"column":40},"end":{"line":61,"column":65}}},"14":{"name":"(anonymous_14)","decl":{"start":{"line":66,"column":2},"end":{"line":66,"column":3}},"loc":{"start":{"line":66,"column":24},"end":{"line":66,"column":51}}},"15":{"name":"(anonymous_15)","decl":{"start":{"line":67,"column":2},"end":{"line":67,"column":3}},"loc":{"start":{"line":67,"column":24},"end":{"line":67,"column":59}}},"16":{"name":"(anonymous_16)","decl":{"start":{"line":68,"column":2},"end":{"line":68,"column":3}},"loc":{"start":{"line":68,"column":23},"end":{"line":73,"column":3}}},"17":{"name":"(anonymous_17)","decl":{"start":{"line":70,"column":48},"end":{"line":70,"column":49}},"loc":{"start":{"line":70,"column":71},"end":{"line":70,"column":95}}}},"branchMap":{"0":{"loc":{"start":{"line":58,"column":4},"end":{"line":62,"column":5}},"type":"if","locations":[{"start":{"line":58,"column":4},"end":{"line":62,"column":5}},{"start":{"line":60,"column":11},"end":{"line":62,"column":5}}]},"1":{"loc":{"start":{"line":59,"column":13},"end":{"line":59,"column":52}},"type":"cond-expr","locations":[{"start":{"line":59,"column":47},"end":{"line":59,"column":48}},{"start":{"line":59,"column":51},"end":{"line":59,"column":52}}]},"2":{"loc":{"start":{"line":59,"column":13},"end":{"line":59,"column":44}},"type":"binary-expr","locations":[{"start":{"line":59,"column":13},"end":{"line":59,"column":16}},{"start":{"line":59,"column":20},"end":{"line":59,"column":44}}]},"3":{"loc":{"start":{"line":69,"column":21},"end":{"line":69,"column":44}},"type":"cond-expr","locations":[{"start":{"line":69,"column":27},"end":{"line":69,"column":40}},{"start":{"line":69,"column":43},"end":{"line":69,"column":44}}]}},"s":{"0":1,"1":1,"2":1,"3":1,"4":1,"5":1,"6":1,"7":1,"8":1,"9":2,"10":1,"11":1,"12":1,"13":1,"14":1,"15":1,"16":0,"17":1,"18":1,"19":0,"20":1,"21":1,"22":0,"23":0,"24":0,"25":0,"26":0,"27":0,"28":0,"29":1,"30":0,"31":0,"32":0,"33":0,"34":0,"35":0},"f":{"0":1,"1":1,"2":1,"3":1,"4":1,"5":2,"6":1,"7":0,"8":0,"9":0,"10":0,"11":0,"12":0,"13":0,"14":0,"15":0,"16":0,"17":0},"b":{"0":[0,0],"1":[0,0],"2":[0,0],"3":[0,0]}}
,"/Users/asya/Documents/yandex/react-burger/src/services/burger-ingredients-slice.ts": {"path":"/Users/asya/Documents/yandex/react-burger/src/services/burger-ingredients-slice.ts","statementMap":{"0":{"start":{"line":1,"column":0},"end":{"line":1,"column":81}},"1":{"start":{"line":2,"column":0},"end":{"line":2,"column":51}},"2":{"start":{"line":4,"column":0},"end":{"line":4,"column":57}},"3":{"start":{"line":11,"column":13},"end":{"line":15,"column":2}},"4":{"start":{"line":17,"column":13},"end":{"line":20,"column":3}},"5":{"start":{"line":18,"column":19},"end":{"line":18,"column":41}},"6":{"start":{"line":19,"column":2},"end":{"line":19,"column":23}},"7":{"start":{"line":22,"column":31},"end":{"line":41,"column":2}},"8":{"start":{"line":27,"column":4},"end":{"line":39,"column":9}},"9":{"start":{"line":29,"column":8},"end":{"line":29,"column":38}},"10":{"start":{"line":30,"column":8},"end":{"line":30,"column":27}},"11":{"start":{"line":33,"column":8},"end":{"line":33,"column":40}},"12":{"start":{"line":34,"column":8},"end":{"line":34,"column":43}},"13":{"start":{"line":37,"column":8},"end":{"line":37,"column":37}},"14":{"start":{"line":38,"column":8},"end":{"line":38,"column":80}},"15":{"start":{"line":43,"column":0},"end":{"line":43,"column":46}},"16":{"start":{"line":45,"column":33},"end":{"line":45,"column":90}},"17":{"start":{"line":45,"column":55},"end":{"line":45,"column":90}},"18":{"start":{"line":45,"column":13},"end":{"line":45,"column":33}},"19":{"start":{"line":46,"column":39},"end":{"line":46,"column":91}},"20":{"start":{"line":46,"column":61},"end":{"line":46,"column":91}},"21":{"start":{"line":46,"column":13},"end":{"line":46,"column":39}},"22":{"start":{"line":48,"column":13},"end":{"line":51,"column":2}},"23":{"start":{"line":49,"column":54},"end":{"line":49,"column":58}},"24":{"start":{"line":50,"column":25},"end":{"line":50,"column":86}},"25":{"start":{"line":50,"column":61},"end":{"line":50,"column":85}},"26":{"start":{"line":53,"column":13},"end":{"line":56,"column":2}},"27":{"start":{"line":54,"column":52},"end":{"line":54,"column":54}},"28":{"start":{"line":55,"column":23},"end":{"line":55,"column":78}},"29":{"start":{"line":55,"column":56},"end":{"line":55,"column":77}},"30":{"start":{"line":58,"column":13},"end":{"line":66,"column":2}},"31":{"start":{"line":61,"column":4},"end":{"line":64,"column":42}},"32":{"start":{"line":62,"column":6},"end":{"line":62,"column":39}},"33":{"start":{"line":63,"column":6},"end":{"line":63,"column":17}}},"fnMap":{"0":{"name":"(anonymous_0)","decl":{"start":{"line":17,"column":81},"end":{"line":17,"column":86}},"loc":{"start":{"line":17,"column":92},"end":{"line":20,"column":1}}},"1":{"name":"(anonymous_1)","decl":{"start":{"line":26,"column":17},"end":{"line":26,"column":18}},"loc":{"start":{"line":26,"column":29},"end":{"line":40,"column":3}}},"2":{"name":"(anonymous_2)","decl":{"start":{"line":28,"column":41},"end":{"line":28,"column":42}},"loc":{"start":{"line":28,"column":51},"end":{"line":31,"column":7}}},"3":{"name":"(anonymous_3)","decl":{"start":{"line":32,"column":43},"end":{"line":32,"column":44}},"loc":{"start":{"line":32,"column":61},"end":{"line":35,"column":7}}},"4":{"name":"(anonymous_4)","decl":{"start":{"line":36,"column":42},"end":{"line":36,"column":43}},"loc":{"start":{"line":36,"column":60},"end":{"line":39,"column":7}}},"5":{"name":"(anonymous_5)","decl":{"start":{"line":45,"column":33},"end":{"line":45,"column":34}},"loc":{"start":{"line":45,"column":55},"end":{"line":45,"column":90}}},"6":{"name":"(anonymous_6)","decl":{"start":{"line":46,"column":39},"end":{"line":46,"column":40}},"loc":{"start":{"line":46,"column":61},"end":{"line":46,"column":91}}},"7":{"name":"(anonymous_7)","decl":{"start":{"line":49,"column":22},"end":{"line":49,"column":23}},"loc":{"start":{"line":49,"column":54},"end":{"line":49,"column":58}}},"8":{"name":"(anonymous_8)","decl":{"start":{"line":50,"column":2},"end":{"line":50,"column":3}},"loc":{"start":{"line":50,"column":25},"end":{"line":50,"column":86}}},"9":{"name":"(anonymous_9)","decl":{"start":{"line":50,"column":45},"end":{"line":50,"column":46}},"loc":{"start":{"line":50,"column":61},"end":{"line":50,"column":85}}},"10":{"name":"(anonymous_10)","decl":{"start":{"line":54,"column":22},"end":{"line":54,"column":23}},"loc":{"start":{"line":54,"column":52},"end":{"line":54,"column":54}}},"11":{"name":"(anonymous_11)","decl":{"start":{"line":55,"column":2},"end":{"line":55,"column":3}},"loc":{"start":{"line":55,"column":23},"end":{"line":55,"column":78}}},"12":{"name":"(anonymous_12)","decl":{"start":{"line":55,"column":40},"end":{"line":55,"column":41}},"loc":{"start":{"line":55,"column":56},"end":{"line":55,"column":77}}},"13":{"name":"(anonymous_13)","decl":{"start":{"line":60,"column":2},"end":{"line":60,"column":3}},"loc":{"start":{"line":60,"column":18},"end":{"line":65,"column":3}}},"14":{"name":"(anonymous_14)","decl":{"start":{"line":61,"column":30},"end":{"line":61,"column":31}},"loc":{"start":{"line":61,"column":50},"end":{"line":64,"column":5}}}},"branchMap":{"0":{"loc":{"start":{"line":38,"column":22},"end":{"line":38,"column":79}},"type":"binary-expr","locations":[{"start":{"line":38,"column":22},"end":{"line":38,"column":42}},{"start":{"line":38,"column":46},"end":{"line":38,"column":79}}]}},"s":{"0":1,"1":1,"2":1,"3":1,"4":1,"5":0,"6":0,"7":1,"8":1,"9":1,"10":1,"11":1,"12":1,"13":1,"14":1,"15":1,"16":1,"17":0,"18":1,"19":1,"20":0,"21":1,"22":1,"23":0,"24":0,"25":0,"26":1,"27":0,"28":0,"29":0,"30":1,"31":0,"32":0,"33":0},"f":{"0":0,"1":1,"2":1,"3":1,"4":1,"5":0,"6":0,"7":0,"8":0,"9":0,"10":0,"11":0,"12":0,"13":0,"14":0},"b":{"0":[1,0]}}
,"/Users/asya/Documents/yandex/react-burger/src/services/feed-slice.ts": {"path":"/Users/asya/Documents/yandex/react-burger/src/services/feed-slice.ts","statementMap":{"0":{"start":{"line":1,"column":0},"end":{"line":1,"column":62}},"1":{"start":{"line":13,"column":13},"end":{"line":19,"column":2}},"2":{"start":{"line":21,"column":18},"end":{"line":45,"column":2}},"3":{"start":{"line":27,"column":6},"end":{"line":27,"column":32}},"4":{"start":{"line":28,"column":6},"end":{"line":28,"column":25}},"5":{"start":{"line":31,"column":6},"end":{"line":31,"column":31}},"6":{"start":{"line":34,"column":6},"end":{"line":34,"column":32}},"7":{"start":{"line":37,"column":6},"end":{"line":37,"column":35}},"8":{"start":{"line":40,"column":6},"end":{"line":40,"column":43}},"9":{"start":{"line":41,"column":6},"end":{"line":41,"column":41}},"10":{"start":{"line":42,"column":6},"end":{"line":42,"column":51}},"11":{"start":{"line":47,"column":13},"end":{"line":47,"column":69}},"12":{"start":{"line":49,"column":0},"end":{"line":49,"column":33}}},"fnMap":{"0":{"name":"(anonymous_0)","decl":{"start":{"line":26,"column":4},"end":{"line":26,"column":16}},"loc":{"start":{"line":26,"column":53},"end":{"line":29,"column":5}}},"1":{"name":"(anonymous_1)","decl":{"start":{"line":30,"column":4},"end":{"line":30,"column":10}},"loc":{"start":{"line":30,"column":16},"end":{"line":32,"column":5}}},"2":{"name":"(anonymous_2)","decl":{"start":{"line":33,"column":4},"end":{"line":33,"column":11}},"loc":{"start":{"line":33,"column":17},"end":{"line":35,"column":5}}},"3":{"name":"(anonymous_3)","decl":{"start":{"line":36,"column":4},"end":{"line":36,"column":11}},"loc":{"start":{"line":36,"column":48},"end":{"line":38,"column":5}}},"4":{"name":"(anonymous_4)","decl":{"start":{"line":39,"column":4},"end":{"line":39,"column":13}},"loc":{"start":{"line":39,"column":49},"end":{"line":43,"column":5}}}},"branchMap":{},"s":{"0":1,"1":1,"2":1,"3":1,"4":1,"5":1,"6":1,"7":1,"8":1,"9":1,"10":1,"11":1,"12":1},"f":{"0":1,"1":1,"2":1,"3":1,"4":1},"b":{}}
,"/Users/asya/Documents/yandex/react-burger/src/services/order-slice.ts": {"path":"/Users/asya/Documents/yandex/react-burger/src/services/order-slice.ts","statementMap":{"0":{"start":{"line":1,"column":0},"end":{"line":1,"column":65}},"1":{"start":{"line":2,"column":0},"end":{"line":2,"column":56}},"2":{"start":{"line":3,"column":0},"end":{"line":3,"column":57}},"3":{"start":{"line":13,"column":13},"end":{"line":18,"column":2}},"4":{"start":{"line":20,"column":13},"end":{"line":26,"column":2}},"5":{"start":{"line":23,"column":21},"end":{"line":23,"column":49}},"6":{"start":{"line":24,"column":4},"end":{"line":24,"column":33}},"7":{"start":{"line":28,"column":13},"end":{"line":38,"column":2}},"8":{"start":{"line":31,"column":4},"end":{"line":36,"column":5}},"9":{"start":{"line":32,"column":23},"end":{"line":32,"column":52}},"10":{"start":{"line":33,"column":6},"end":{"line":33,"column":29}},"11":{"start":{"line":35,"column":6},"end":{"line":35,"column":94}},"12":{"start":{"line":40,"column":19},"end":{"line":79,"column":2}},"13":{"start":{"line":45,"column":6},"end":{"line":45,"column":31}},"14":{"start":{"line":46,"column":6},"end":{"line":46,"column":33}},"15":{"start":{"line":47,"column":6},"end":{"line":47,"column":25}},"16":{"start":{"line":51,"column":4},"end":{"line":77,"column":9}},"17":{"start":{"line":53,"column":8},"end":{"line":53,"column":38}},"18":{"start":{"line":54,"column":8},"end":{"line":54,"column":27}},"19":{"start":{"line":57,"column":8},"end":{"line":57,"column":40}},"20":{"start":{"line":58,"column":8},"end":{"line":58,"column":43}},"21":{"start":{"line":61,"column":8},"end":{"line":61,"column":37}},"22":{"start":{"line":62,"column":8},"end":{"line":62,"column":75}},"23":{"start":{"line":66,"column":8},"end":{"line":66,"column":38}},"24":{"start":{"line":67,"column":8},"end":{"line":67,"column":27}},"25":{"start":{"line":68,"column":8},"end":{"line":68,"column":34}},"26":{"start":{"line":71,"column":8},"end":{"line":71,"column":40}},"27":{"start":{"line":72,"column":8},"end":{"line":72,"column":47}},"28":{"start":{"line":75,"column":8},"end":{"line":75,"column":37}},"29":{"start":{"line":76,"column":8},"end":{"line":76,"column":47}},"30":{"start":{"line":81,"column":15},"end":{"line":81,"column":49}},"31":{"start":{"line":83,"column":0},"end":{"line":83,"column":34}},"32":{"start":{"line":85,"column":33},"end":{"line":85,"column":78}},"33":{"start":{"line":85,"column":55},"end":{"line":85,"column":78}},"34":{"start":{"line":85,"column":13},"end":{"line":85,"column":33}},"35":{"start":{"line":86,"column":33},"end":{"line":86,"column":73}},"36":{"start":{"line":86,"column":55},"end":{"line":86,"column":73}},"37":{"start":{"line":86,"column":13},"end":{"line":86,"column":33}},"38":{"start":{"line":87,"column":34},"end":{"line":87,"column":80}},"39":{"start":{"line":87,"column":56},"end":{"line":87,"column":80}},"40":{"start":{"line":87,"column":13},"end":{"line":87,"column":34}}},"fnMap":{"0":{"name":"(anonymous_0)","decl":{"start":{"line":22,"column":2},"end":{"line":22,"column":7}},"loc":{"start":{"line":22,"column":39},"end":{"line":25,"column":3}}},"1":{"name":"(anonymous_1)","decl":{"start":{"line":30,"column":2},"end":{"line":30,"column":7}},"loc":{"start":{"line":30,"column":49},"end":{"line":37,"column":3}}},"2":{"name":"(anonymous_2)","decl":{"start":{"line":44,"column":16},"end":{"line":44,"column":21}},"loc":{"start":{"line":44,"column":24},"end":{"line":48,"column":5}}},"3":{"name":"(anonymous_3)","decl":{"start":{"line":50,"column":17},"end":{"line":50,"column":18}},"loc":{"start":{"line":50,"column":29},"end":{"line":78,"column":3}}},"4":{"name":"(anonymous_4)","decl":{"start":{"line":52,"column":36},"end":{"line":52,"column":37}},"loc":{"start":{"line":52,"column":46},"end":{"line":55,"column":7}}},"5":{"name":"(anonymous_5)","decl":{"start":{"line":56,"column":38},"end":{"line":56,"column":39}},"loc":{"start":{"line":56,"column":56},"end":{"line":59,"column":7}}},"6":{"name":"(anonymous_6)","decl":{"start":{"line":60,"column":37},"end":{"line":60,"column":38}},"loc":{"start":{"line":60,"column":55},"end":{"line":63,"column":7}}},"7":{"name":"(anonymous_7)","decl":{"start":{"line":65,"column":42},"end":{"line":65,"column":43}},"loc":{"start":{"line":65,"column":52},"end":{"line":69,"column":7}}},"8":{"name":"(anonymous_8)","decl":{"start":{"line":70,"column":44},"end":{"line":70,"column":45}},"loc":{"start":{"line":70,"column":62},"end":{"line":73,"column":7}}},"9":{"name":"(anonymous_9)","decl":{"start":{"line":74,"column":43},"end":{"line":74,"column":44}},"loc":{"start":{"line":74,"column":61},"end":{"line":77,"column":7}}},"10":{"name":"(anonymous_10)","decl":{"start":{"line":85,"column":33},"end":{"line":85,"column":34}},"loc":{"start":{"line":85,"column":55},"end":{"line":85,"column":78}}},"11":{"name":"(anonymous_11)","decl":{"start":{"line":86,"column":33},"end":{"line":86,"column":34}},"loc":{"start":{"line":86,"column":55},"end":{"line":86,"column":73}}},"12":{"name":"(anonymous_12)","decl":{"start":{"line":87,"column":34},"end":{"line":87,"column":35}},"loc":{"start":{"line":87,"column":56},"end":{"line":87,"column":80}}}},"branchMap":{"0":{"loc":{"start":{"line":35,"column":30},"end":{"line":35,"column":92}},"type":"binary-expr","locations":[{"start":{"line":35,"column":30},"end":{"line":35,"column":53}},{"start":{"line":35,"column":57},"end":{"line":35,"column":92}}]},"1":{"loc":{"start":{"line":62,"column":22},"end":{"line":62,"column":74}},"type":"binary-expr","locations":[{"start":{"line":62,"column":22},"end":{"line":62,"column":42}},{"start":{"line":62,"column":46},"end":{"line":62,"column":74}}]}},"s":{"0":1,"1":1,"2":1,"3":1,"4":1,"5":0,"6":0,"7":1,"8":0,"9":0,"10":0,"11":0,"12":1,"13":1,"14":1,"15":1,"16":1,"17":1,"18":1,"19":1,"20":1,"21":1,"22":1,"23":1,"24":1,"25":1,"26":1,"27":1,"28":1,"29":1,"30":1,"31":1,"32":1,"33":0,"34":1,"35":1,"36":0,"37":1,"38":1,"39":0,"40":1},"f":{"0":0,"1":0,"2":1,"3":1,"4":1,"5":1,"6":1,"7":1,"8":1,"9":1,"10":0,"11":0,"12":0},"b":{"0":[0,0],"1":[1,0]}}
,"/Users/asya/Documents/yandex/react-burger/src/services/profile-orders-slice.ts": {"path":"/Users/asya/Documents/yandex/react-burger/src/services/profile-orders-slice.ts","statementMap":{"0":{"start":{"line":1,"column":0},"end":{"line":1,"column":62}},"1":{"start":{"line":13,"column":13},"end":{"line":19,"column":2}},"2":{"start":{"line":21,"column":27},"end":{"line":46,"column":2}},"3":{"start":{"line":27,"column":6},"end":{"line":27,"column":32}},"4":{"start":{"line":28,"column":6},"end":{"line":28,"column":25}},"5":{"start":{"line":31,"column":6},"end":{"line":31,"column":31}},"6":{"start":{"line":34,"column":6},"end":{"line":34,"column":32}},"7":{"start":{"line":37,"column":6},"end":{"line":37,"column":35}},"8":{"start":{"line":40,"column":6},"end":{"line":40,"column":null}},"9":{"start":{"line":41,"column":6},"end":{"line":41,"column":43}},"10":{"start":{"line":42,"column":6},"end":{"line":42,"column":41}},"11":{"start":{"line":43,"column":6},"end":{"line":43,"column":51}},"12":{"start":{"line":48,"column":13},"end":{"line":48,"column":69}},"13":{"start":{"line":50,"column":0},"end":{"line":50,"column":42}}},"fnMap":{"0":{"name":"(anonymous_0)","decl":{"start":{"line":26,"column":4},"end":{"line":26,"column":16}},"loc":{"start":{"line":26,"column":53},"end":{"line":29,"column":5}}},"1":{"name":"(anonymous_1)","decl":{"start":{"line":30,"column":4},"end":{"line":30,"column":10}},"loc":{"start":{"line":30,"column":16},"end":{"line":32,"column":5}}},"2":{"name":"(anonymous_2)","decl":{"start":{"line":33,"column":4},"end":{"line":33,"column":11}},"loc":{"start":{"line":33,"column":17},"end":{"line":35,"column":5}}},"3":{"name":"(anonymous_3)","decl":{"start":{"line":36,"column":4},"end":{"line":36,"column":11}},"loc":{"start":{"line":36,"column":48},"end":{"line":38,"column":5}}},"4":{"name":"(anonymous_4)","decl":{"start":{"line":39,"column":4},"end":{"line":39,"column":13}},"loc":{"start":{"line":39,"column":49},"end":{"line":44,"column":5}}}},"branchMap":{},"s":{"0":1,"1":1,"2":1,"3":1,"4":1,"5":1,"6":1,"7":1,"8":1,"9":1,"10":1,"11":1,"12":1,"13":1},"f":{"0":1,"1":1,"2":1,"3":1,"4":1},"b":{}}
,"/Users/asya/Documents/yandex/react-burger/src/types/order.ts": {"path":"/Users/asya/Documents/yandex/react-burger/src/types/order.ts","statementMap":{"0":{"start":{"line":1,"column":0},"end":{"line":1,"column":null}},"1":{"start":{"line":2,"column":2},"end":{"line":2,"column":null}},"2":{"start":{"line":3,"column":2},"end":{"line":3,"column":null}},"3":{"start":{"line":4,"column":2},"end":{"line":4,"column":null}}},"fnMap":{"0":{"name":"(anonymous_0)","decl":{"start":{"line":1,"column":0},"end":{"line":1,"column":12}},"loc":{"start":{"line":1,"column":24},"end":{"line":5,"column":1}}}},"branchMap":{"0":{"loc":{"start":{"line":1,"column":12},"end":{"line":1,"column":null}},"type":"binary-expr","locations":[{"start":{"line":1,"column":12},"end":{"line":1,"column":24}},{"start":{"line":1,"column":24},"end":{"line":1,"column":null}}]}},"s":{"0":3,"1":3,"2":3,"3":3},"f":{"0":3},"b":{"0":[3,3]}}
,"/Users/asya/Documents/yandex/react-burger/src/types/slices.ts": {"path":"/Users/asya/Documents/yandex/react-burger/src/types/slices.ts","statementMap":{"0":{"start":{"line":1,"column":0},"end":{"line":1,"column":null}},"1":{"start":{"line":2,"column":2},"end":{"line":2,"column":null}},"2":{"start":{"line":3,"column":2},"end":{"line":3,"column":null}},"3":{"start":{"line":4,"column":2},"end":{"line":4,"column":null}},"4":{"start":{"line":5,"column":2},"end":{"line":5,"column":null}}},"fnMap":{"0":{"name":"(anonymous_0)","decl":{"start":{"line":1,"column":0},"end":{"line":1,"column":12}},"loc":{"start":{"line":1,"column":18},"end":{"line":6,"column":1}}}},"branchMap":{"0":{"loc":{"start":{"line":1,"column":12},"end":{"line":1,"column":null}},"type":"binary-expr","locations":[{"start":{"line":1,"column":12},"end":{"line":1,"column":18}},{"start":{"line":1,"column":18},"end":{"line":1,"column":null}}]}},"s":{"0":3,"1":3,"2":3,"3":3,"4":3},"f":{"0":3},"b":{"0":[3,3]}}
}
