TN:
SF:src/api/auth.ts
FN:16,(anonymous_0)
FN:26,(anonymous_1)
FN:36,(anonymous_2)
FN:46,(anonymous_3)
FN:56,(anonymous_4)
FN:66,(anonymous_5)
FN:76,(anonymous_6)
FN:86,(anonymous_7)
FNF:8
FNH:0
FNDA:0,(anonymous_0)
FNDA:0,(anonymous_1)
FNDA:0,(anonymous_2)
FNDA:0,(anonymous_3)
FNDA:0,(anonymous_4)
FNDA:0,(anonymous_5)
FNDA:0,(anonymous_6)
FNDA:0,(anonymous_7)
DA:13,1
DA:14,1
DA:16,1
DA:17,0
DA:26,1
DA:27,0
DA:36,1
DA:37,0
DA:46,1
DA:47,0
DA:56,1
DA:57,0
DA:66,1
DA:67,0
DA:76,1
DA:77,0
DA:86,1
DA:87,0
LF:18
LH:10
BRDA:81,0,0,0
BRDA:81,0,1,0
BRDA:91,1,0,0
BRDA:91,1,1,0
BRF:4
BRH:0
end_of_record
TN:
SF:src/api/endpoints.ts
FNF:0
FNH:0
DA:1,3
DA:3,3
LF:2
LH:2
BRF:0
BRH:0
end_of_record
TN:
SF:src/api/ingredients.ts
FN:10,(anonymous_0)
FNF:1
FNH:0
FNDA:0,(anonymous_0)
DA:1,1
DA:3,1
DA:10,1
DA:11,0
LF:4
LH:3
BRF:0
BRH:0
end_of_record
TN:
SF:src/api/order.ts
FN:16,(anonymous_0)
FN:17,(anonymous_1)
FN:31,(anonymous_2)
FNF:3
FNH:0
FNDA:0,(anonymous_0)
FNDA:0,(anonymous_1)
FNDA:0,(anonymous_2)
DA:1,1
DA:3,1
DA:16,1
DA:17,0
DA:19,0
DA:31,1
DA:32,0
LF:7
LH:4
BRDA:23,0,0,0
BRDA:23,0,1,0
BRDA:36,1,0,0
BRDA:36,1,1,0
BRF:4
BRH:0
end_of_record
TN:
SF:src/api/request.ts
FN:18,isErrorResponse
FN:22,(anonymous_1)
FN:27,(anonymous_2)
FN:54,(anonymous_3)
FN:93,(anonymous_4)
FN:95,(anonymous_5)
FN:96,(anonymous_6)
FNF:7
FNH:0
FNDA:0,isErrorResponse
FNDA:0,(anonymous_1)
FNDA:0,(anonymous_2)
FNDA:0,(anonymous_3)
FNDA:0,(anonymous_4)
FNDA:0,(anonymous_5)
FNDA:0,(anonymous_6)
DA:1,3
DA:19,0
DA:22,3
DA:23,0
DA:24,0
DA:27,3
DA:28,0
DA:30,0
DA:31,0
DA:34,0
DA:42,0
DA:44,0
DA:45,0
DA:48,0
DA:49,0
DA:51,0
DA:54,3
DA:55,0
DA:56,0
DA:57,0
DA:59,0
DA:60,0
DA:63,0
DA:65,0
DA:67,0
DA:68,0
DA:69,0
DA:71,0
DA:76,0
DA:77,0
DA:79,0
DA:80,0
DA:83,0
DA:85,0
DA:89,0
DA:93,3
DA:94,0
DA:95,0
DA:97,0
DA:98,0
LF:40
LH:5
BRDA:24,0,0,0
BRDA:24,0,1,0
BRDA:24,1,0,0
BRDA:24,1,1,0
BRDA:30,2,0,0
BRDA:44,3,0,0
BRDA:54,4,0,0
BRDA:59,5,0,0
BRDA:67,6,0,0
BRDA:79,7,0,0
BRF:10
BRH:0
end_of_record
TN:
SF:src/services/auth-slice.ts
FN:36,(anonymous_0)
FN:37,(anonymous_1)
FN:43,(anonymous_2)
FN:44,(anonymous_3)
FN:50,(anonymous_4)
FN:51,(anonymous_5)
FN:57,(anonymous_6)
FN:58,(anonymous_7)
FN:64,(anonymous_8)
FN:65,(anonymous_9)
FN:71,(anonymous_10)
FN:72,(anonymous_11)
FN:78,(anonymous_12)
FN:86,(anonymous_13)
FN:96,(anonymous_14)
FN:99,(anonymous_15)
FN:103,(anonymous_16)
FN:105,(anonymous_17)
FN:109,(anonymous_18)
FN:119,(anonymous_19)
FN:123,(anonymous_20)
FN:127,(anonymous_21)
FN:137,(anonymous_22)
FN:141,(anonymous_23)
FN:145,(anonymous_24)
FN:155,(anonymous_25)
FN:160,(anonymous_26)
FN:164,(anonymous_27)
FN:172,(anonymous_28)
FN:176,(anonymous_29)
FN:180,(anonymous_30)
FN:183,(anonymous_31)
FN:194,(anonymous_32)
FN:195,(anonymous_33)
FNF:34
FNH:18
FNDA:0,(anonymous_0)
FNDA:0,(anonymous_1)
FNDA:0,(anonymous_2)
FNDA:0,(anonymous_3)
FNDA:0,(anonymous_4)
FNDA:0,(anonymous_5)
FNDA:0,(anonymous_6)
FNDA:0,(anonymous_7)
FNDA:0,(anonymous_8)
FNDA:0,(anonymous_9)
FNDA:0,(anonymous_10)
FNDA:0,(anonymous_11)
FNDA:0,(anonymous_12)
FNDA:0,(anonymous_13)
FNDA:1,(anonymous_14)
FNDA:1,(anonymous_15)
FNDA:1,(anonymous_16)
FNDA:1,(anonymous_17)
FNDA:1,(anonymous_18)
FNDA:1,(anonymous_19)
FNDA:1,(anonymous_20)
FNDA:1,(anonymous_21)
FNDA:1,(anonymous_22)
FNDA:1,(anonymous_23)
FNDA:1,(anonymous_24)
FNDA:1,(anonymous_25)
FNDA:1,(anonymous_26)
FNDA:1,(anonymous_27)
FNDA:1,(anonymous_28)
FNDA:1,(anonymous_29)
FNDA:1,(anonymous_30)
FNDA:1,(anonymous_31)
FNDA:0,(anonymous_32)
FNDA:0,(anonymous_33)
DA:1,1
DA:2,1
DA:12,1
DA:24,1
DA:34,1
DA:37,0
DA:41,1
DA:44,0
DA:48,1
DA:51,0
DA:55,1
DA:58,0
DA:62,1
DA:65,0
DA:69,1
DA:72,0
DA:76,1
DA:79,0
DA:80,0
DA:84,1
DA:87,0
DA:88,0
DA:92,1
DA:97,1
DA:100,1
DA:104,1
DA:106,1
DA:107,1
DA:110,1
DA:111,1
DA:112,1
DA:113,1
DA:114,1
DA:116,1
DA:117,1
DA:120,1
DA:121,1
DA:124,1
DA:125,1
DA:128,1
DA:129,1
DA:130,1
DA:131,1
DA:132,1
DA:134,1
DA:135,1
DA:138,1
DA:139,1
DA:142,1
DA:143,1
DA:146,1
DA:147,1
DA:148,1
DA:149,1
DA:150,1
DA:152,1
DA:153,1
DA:156,1
DA:157,1
DA:158,1
DA:161,1
DA:162,1
DA:165,1
DA:166,1
DA:167,1
DA:169,1
DA:170,1
DA:173,1
DA:174,1
DA:177,1
DA:178,1
DA:181,1
DA:184,1
DA:185,1
DA:190,1
DA:192,1
DA:194,1
DA:195,1
LF:78
LH:68
BRF:0
BRH:0
end_of_record
TN:
SF:src/services/burger-constructor-slice.ts
FN:21,(anonymous_0)
FN:25,(anonymous_1)
FN:29,(anonymous_2)
FN:32,(anonymous_3)
FN:36,(anonymous_4)
FN:37,(anonymous_5)
FN:39,(anonymous_6)
FN:51,(anonymous_7)
FN:52,(anonymous_8)
FN:54,(anonymous_9)
FN:55,(anonymous_10)
FN:56,(anonymous_11)
FN:57,(anonymous_12)
FN:61,(anonymous_13)
FN:66,(anonymous_14)
FN:67,(anonymous_15)
FN:68,(anonymous_16)
FN:70,(anonymous_17)
FNF:18
FNH:7
FNDA:1,(anonymous_0)
FNDA:1,(anonymous_1)
FNDA:1,(anonymous_2)
FNDA:1,(anonymous_3)
FNDA:1,(anonymous_4)
FNDA:2,(anonymous_5)
FNDA:1,(anonymous_6)
FNDA:0,(anonymous_7)
FNDA:0,(anonymous_8)
FNDA:0,(anonymous_9)
FNDA:0,(anonymous_10)
FNDA:0,(anonymous_11)
FNDA:0,(anonymous_12)
FNDA:0,(anonymous_13)
FNDA:0,(anonymous_14)
FNDA:0,(anonymous_15)
FNDA:0,(anonymous_16)
FNDA:0,(anonymous_17)
DA:1,1
DA:12,1
DA:17,1
DA:22,1
DA:23,1
DA:26,1
DA:30,1
DA:33,1
DA:37,2
DA:40,1
DA:41,1
DA:42,1
DA:47,1
DA:49,1
DA:51,1
DA:52,1
DA:53,1
DA:54,0
DA:55,0
DA:56,0
DA:58,0
DA:59,0
DA:61,0
DA:65,1
DA:66,0
DA:67,0
DA:69,0
DA:70,0
DA:72,0
LF:29
LH:18
BRDA:58,0,0,0
BRDA:58,0,1,0
BRDA:59,1,0,0
BRDA:59,1,1,0
BRDA:59,2,0,0
BRDA:59,2,1,0
BRDA:69,3,0,0
BRDA:69,3,1,0
BRF:8
BRH:0
end_of_record
TN:
SF:src/services/burger-ingredients-slice.ts
FN:17,(anonymous_0)
FN:26,(anonymous_1)
FN:28,(anonymous_2)
FN:32,(anonymous_3)
FN:36,(anonymous_4)
FN:45,(anonymous_5)
FN:46,(anonymous_6)
FN:49,(anonymous_7)
FN:50,(anonymous_8)
FN:50,(anonymous_9)
FN:54,(anonymous_10)
FN:55,(anonymous_11)
FN:55,(anonymous_12)
FN:60,(anonymous_13)
FN:61,(anonymous_14)
FNF:15
FNH:4
FNDA:0,(anonymous_0)
FNDA:1,(anonymous_1)
FNDA:1,(anonymous_2)
FNDA:1,(anonymous_3)
FNDA:1,(anonymous_4)
FNDA:0,(anonymous_5)
FNDA:0,(anonymous_6)
FNDA:0,(anonymous_7)
FNDA:0,(anonymous_8)
FNDA:0,(anonymous_9)
FNDA:0,(anonymous_10)
FNDA:0,(anonymous_11)
FNDA:0,(anonymous_12)
FNDA:0,(anonymous_13)
FNDA:0,(anonymous_14)
DA:1,1
DA:2,1
DA:4,1
DA:11,1
DA:17,1
DA:18,0
DA:19,0
DA:22,1
DA:27,1
DA:29,1
DA:30,1
DA:33,1
DA:34,1
DA:37,1
DA:38,1
DA:43,1
DA:45,1
DA:46,1
DA:48,1
DA:49,0
DA:50,0
DA:53,1
DA:54,0
DA:55,0
DA:58,1
DA:61,0
DA:62,0
DA:63,0
LF:28
LH:19
BRDA:38,0,0,1
BRDA:38,0,1,0
BRF:2
BRH:1
end_of_record
TN:
SF:src/services/feed-slice.ts
FN:26,(anonymous_0)
FN:30,(anonymous_1)
FN:33,(anonymous_2)
FN:36,(anonymous_3)
FN:39,(anonymous_4)
FNF:5
FNH:5
FNDA:1,(anonymous_0)
FNDA:1,(anonymous_1)
FNDA:1,(anonymous_2)
FNDA:1,(anonymous_3)
FNDA:1,(anonymous_4)
DA:1,1
DA:13,1
DA:21,1
DA:27,1
DA:28,1
DA:31,1
DA:34,1
DA:37,1
DA:40,1
DA:41,1
DA:42,1
DA:47,1
DA:49,1
LF:13
LH:13
BRF:0
BRH:0
end_of_record
TN:
SF:src/services/order-slice.ts
FN:22,(anonymous_0)
FN:30,(anonymous_1)
FN:44,(anonymous_2)
FN:50,(anonymous_3)
FN:52,(anonymous_4)
FN:56,(anonymous_5)
FN:60,(anonymous_6)
FN:65,(anonymous_7)
FN:70,(anonymous_8)
FN:74,(anonymous_9)
FN:85,(anonymous_10)
FN:86,(anonymous_11)
FN:87,(anonymous_12)
FNF:13
FNH:8
FNDA:0,(anonymous_0)
FNDA:0,(anonymous_1)
FNDA:1,(anonymous_2)
FNDA:1,(anonymous_3)
FNDA:1,(anonymous_4)
FNDA:1,(anonymous_5)
FNDA:1,(anonymous_6)
FNDA:1,(anonymous_7)
FNDA:1,(anonymous_8)
FNDA:1,(anonymous_9)
FNDA:0,(anonymous_10)
FNDA:0,(anonymous_11)
FNDA:0,(anonymous_12)
DA:1,1
DA:2,1
DA:3,1
DA:13,1
DA:20,1
DA:23,0
DA:24,0
DA:28,1
DA:31,0
DA:32,0
DA:33,0
DA:35,0
DA:40,1
DA:45,1
DA:46,1
DA:47,1
DA:51,1
DA:53,1
DA:54,1
DA:57,1
DA:58,1
DA:61,1
DA:62,1
DA:66,1
DA:67,1
DA:68,1
DA:71,1
DA:72,1
DA:75,1
DA:76,1
DA:81,1
DA:83,1
DA:85,1
DA:86,1
DA:87,1
LF:35
LH:29
BRDA:35,0,0,0
BRDA:35,0,1,0
BRDA:62,1,0,1
BRDA:62,1,1,0
BRF:4
BRH:1
end_of_record
TN:
SF:src/services/profile-orders-slice.ts
FN:26,(anonymous_0)
FN:30,(anonymous_1)
FN:33,(anonymous_2)
FN:36,(anonymous_3)
FN:39,(anonymous_4)
FNF:5
FNH:5
FNDA:1,(anonymous_0)
FNDA:1,(anonymous_1)
FNDA:1,(anonymous_2)
FNDA:1,(anonymous_3)
FNDA:1,(anonymous_4)
DA:1,1
DA:13,1
DA:21,1
DA:27,1
DA:28,1
DA:31,1
DA:34,1
DA:37,1
DA:40,1
DA:41,1
DA:42,1
DA:43,1
DA:48,1
DA:50,1
LF:14
LH:14
BRF:0
BRH:0
end_of_record
TN:
SF:src/types/order.ts
FN:1,(anonymous_0)
FNF:1
FNH:1
FNDA:3,(anonymous_0)
DA:1,3
DA:2,3
DA:3,3
DA:4,3
LF:4
LH:4
BRDA:1,0,0,3
BRDA:1,0,1,3
BRF:2
BRH:2
end_of_record
TN:
SF:src/types/slices.ts
FN:1,(anonymous_0)
FNF:1
FNH:1
FNDA:3,(anonymous_0)
DA:1,3
DA:2,3
DA:3,3
DA:4,3
DA:5,3
LF:5
LH:5
BRDA:1,0,0,3
BRDA:1,0,1,3
BRF:2
BRH:2
end_of_record
